<?xml version="1.0" encoding="UTF-8"?>
<!-- Generated by org.testng.reporters.JUnitXMLReporter -->
<testsuite ignored="0" hostname="DESKTOP-4HL67I5" failures="0" tests="3" name="SeleniumPractice" time="6.301" errors="0" timestamp="2024-04-16T12:13:58 NZST">
  <testcase classname="TestCases.Palindrome" name="setDriverSetUp" time="4.542"/>
  <testcase classname="TestCases.Palindrome" name="testFireFox" time="0.631"/>
  <testcase classname="TestCases.Palindrome" name="testData" time="1.092"/>
</testsuite> <!-- SeleniumPractice -->
