<?xml version="1.0" encoding="UTF-8"?>
<testng-results ignored="0" total="3" passed="3" failed="0" skipped="0">
  <reporter-output>
  </reporter-output>
  <suite started-at="2024-04-16T12:13:51 NZST" name="Default Suite" finished-at="2024-04-16T12:13:58 NZST" duration-ms="6301">
    <groups>
    </groups>
    <test started-at="2024-04-16T12:13:51 NZST" name="SeleniumPractice" finished-at="2024-04-16T12:13:58 NZST" duration-ms="6301">
      <class name="TestCases.Palindrome">
        <test-method signature="setDriverSetUp()[pri:1, instance:TestCases.Palindrome@184cf7cf]" started-at="2024-04-16T12:13:51 NZST" name="setDriverSetUp" finished-at="2024-04-16T12:13:56 NZST" duration-ms="4542" status="PASS">
          <reporter-output>
          </reporter-output>
        </test-method> <!-- setDriverSetUp -->
        <test-method signature="testFireFox()[pri:2, instance:TestCases.Palindrome@184cf7cf]" started-at="2024-04-16T12:13:56 NZST" name="testFireFox" finished-at="2024-04-16T12:13:57 NZST" duration-ms="631" status="PASS">
          <reporter-output>
          </reporter-output>
        </test-method> <!-- testFireFox -->
        <test-method signature="testData()[pri:3, instance:TestCases.Palindrome@184cf7cf]" started-at="2024-04-16T12:13:57 NZST" name="testData" finished-at="2024-04-16T12:13:58 NZST" duration-ms="1092" status="PASS">
          <reporter-output>
          </reporter-output>
        </test-method> <!-- testData -->
      </class> <!-- TestCases.Palindrome -->
    </test> <!-- SeleniumPractice -->
  </suite> <!-- Default Suite -->
</testng-results>
