<?xml version="1.0" encoding="UTF-8"?>
<testng-results ignored="0" total="2" passed="2" failed="0" skipped="0">
  <reporter-output>
  </reporter-output>
  <suite started-at="2024-04-16T13:20:29 NZST" name="Default Suite" finished-at="2024-04-16T13:20:36 NZST" duration-ms="6467">
    <groups>
    </groups>
    <test started-at="2024-04-16T13:20:29 NZST" name="SeleniumPractice" finished-at="2024-04-16T13:20:36 NZST" duration-ms="6467">
      <class name="TestCases.Palindrome">
        <test-method is-config="true" signature="setDriverSetUp()[pri:0, instance:TestCases.Palindrome@49c386c8]" started-at="2024-04-16T13:20:29 NZST" name="setDriverSetUp" finished-at="2024-04-16T13:20:35 NZST" duration-ms="5267" status="PASS">
          <reporter-output>
          </reporter-output>
        </test-method> <!-- setDriverSetUp -->
        <test-method signature="testData()[pri:3, instance:TestCases.Palindrome@49c386c8]" started-at="2024-04-16T13:20:35 NZST" name="testData" finished-at="2024-04-16T13:20:35 NZST" duration-ms="314" status="PASS">
          <reporter-output>
          </reporter-output>
        </test-method> <!-- testData -->
        <test-method signature="ValidateData()[pri:0, instance:TestCases.Palindrome@49c386c8]" started-at="2024-04-16T13:20:35 NZST" name="ValidateData" finished-at="2024-04-16T13:20:35 NZST" depends-on-methods="TestCases.Palindrome.testData" duration-ms="5" status="PASS">
          <reporter-output>
          </reporter-output>
        </test-method> <!-- ValidateData -->
        <test-method is-config="true" signature="endSession()[pri:0, instance:TestCases.Palindrome@49c386c8]" started-at="2024-04-16T13:20:35 NZST" name="endSession" finished-at="2024-04-16T13:20:36 NZST" duration-ms="855" status="PASS">
          <reporter-output>
          </reporter-output>
        </test-method> <!-- endSession -->
      </class> <!-- TestCases.Palindrome -->
    </test> <!-- SeleniumPractice -->
  </suite> <!-- Default Suite -->
</testng-results>
